<?xml version="1.0" encoding="UTF-8"?>
<!-- Generated by org.testng.reporters.JUnitReportReporter -->
<testsuite hostname="NS-Pavilion" name="com.logitechTest.LogitechTestAndroid.dummyTest" tests="1" failures="0" timestamp="11 Aug 2019 21:42:51 GMT" time="0.049" errors="0">
  <testcase name="main" time="0.049" classname="com.logitechTest.LogitechTestAndroid.dummyTest"/>
</testsuite> <!-- com.logitechTest.LogitechTestAndroid.dummyTest -->
