<?xml version="1.0" encoding="UTF-8"?>
<!-- Generated by org.testng.reporters.JUnitReportReporter -->
<testsuite hostname="NS-Pavilion" name="LogitechTest.LogitechTestAndroid.LaunchAppTest" tests="1" failures="0" timestamp="11 Aug 2019 12:55:06 GMT" time="0.457" errors="0">
  <testcase name="SomkeTest_001" time="0.457" classname="LogitechTest.LogitechTestAndroid.LaunchAppTest"/>
</testsuite> <!-- LogitechTest.LogitechTestAndroid.LaunchAppTest -->
